[debug] [2024-09-21T08:34:40.832Z] ----------------------------------------------------------------------
[debug] [2024-09-21T08:34:40.843Z] Command:       C:\Program Files\nodejs\node.exe C:\Users\Roshan\AppData\Roaming\npm\node_modules\firebase-tools\lib\bin\firebase.js deploy
[debug] [2024-09-21T08:34:40.845Z] CLI Version:   13.15.0
[debug] [2024-09-21T08:34:40.845Z] Platform:      win32
[debug] [2024-09-21T08:34:40.846Z] Node Version:  v20.12.2
[debug] [2024-09-21T08:34:40.847Z] Time:          Sat Sep 21 2024 14:04:40 GMT+0530 (India Standard Time)
[debug] [2024-09-21T08:34:40.847Z] ----------------------------------------------------------------------
[debug] 
[debug] [2024-09-21T08:34:41.235Z] > command requires scopes: ["email","openid","https://www.googleapis.com/auth/cloudplatformprojects.readonly","https://www.googleapis.com/auth/firebase","https://www.googleapis.com/auth/cloud-platform"]
[debug] [2024-09-21T08:34:41.237Z] > authorizing via signed-in user (developer01@faggro.com)
[debug] [2024-09-21T08:34:41.238Z] [iam] checking project peaceful-web-383316 for permissions ["cloudfunctions.functions.create","cloudfunctions.functions.delete","cloudfunctions.functions.get","cloudfunctions.functions.list","cloudfunctions.functions.update","cloudfunctions.operations.get","firebase.projects.get","firebasehosting.sites.update"]
[debug] [2024-09-21T08:34:41.247Z] >>> [apiv2][query] POST https://cloudresourcemanager.googleapis.com/v1/projects/peaceful-web-383316:testIamPermissions [none]
[debug] [2024-09-21T08:34:41.249Z] >>> [apiv2][(partial)header] POST https://cloudresourcemanager.googleapis.com/v1/projects/peaceful-web-383316:testIamPermissions x-goog-quota-user=projects/peaceful-web-383316
[debug] [2024-09-21T08:34:41.250Z] >>> [apiv2][body] POST https://cloudresourcemanager.googleapis.com/v1/projects/peaceful-web-383316:testIamPermissions {"permissions":["cloudfunctions.functions.create","cloudfunctions.functions.delete","cloudfunctions.functions.get","cloudfunctions.functions.list","cloudfunctions.functions.update","cloudfunctions.operations.get","firebase.projects.get","firebasehosting.sites.update"]}
[debug] [2024-09-21T08:34:43.140Z] <<< [apiv2][status] POST https://cloudresourcemanager.googleapis.com/v1/projects/peaceful-web-383316:testIamPermissions 200
[debug] [2024-09-21T08:34:43.141Z] <<< [apiv2][body] POST https://cloudresourcemanager.googleapis.com/v1/projects/peaceful-web-383316:testIamPermissions {"permissions":["cloudfunctions.functions.create","cloudfunctions.functions.delete","cloudfunctions.functions.get","cloudfunctions.functions.list","cloudfunctions.functions.update","cloudfunctions.operations.get","firebase.projects.get","firebasehosting.sites.update"]}
[debug] [2024-09-21T08:34:43.142Z] >>> [apiv2][query] POST https://iam.googleapis.com/v1/projects/peaceful-web-383316/serviceAccounts/peaceful-web-383316@appspot.gserviceaccount.com:testIamPermissions [none]
[debug] [2024-09-21T08:34:43.142Z] >>> [apiv2][body] POST https://iam.googleapis.com/v1/projects/peaceful-web-383316/serviceAccounts/peaceful-web-383316@appspot.gserviceaccount.com:testIamPermissions {"permissions":["iam.serviceAccounts.actAs"]}
[debug] [2024-09-21T08:34:44.913Z] <<< [apiv2][status] POST https://iam.googleapis.com/v1/projects/peaceful-web-383316/serviceAccounts/peaceful-web-383316@appspot.gserviceaccount.com:testIamPermissions 200
[debug] [2024-09-21T08:34:44.914Z] <<< [apiv2][body] POST https://iam.googleapis.com/v1/projects/peaceful-web-383316/serviceAccounts/peaceful-web-383316@appspot.gserviceaccount.com:testIamPermissions {"permissions":["iam.serviceAccounts.actAs"]}
[debug] [2024-09-21T08:34:44.916Z] >>> [apiv2][query] GET https://firebase.googleapis.com/v1beta1/projects/peaceful-web-383316 [none]
[debug] [2024-09-21T08:34:45.657Z] <<< [apiv2][status] GET https://firebase.googleapis.com/v1beta1/projects/peaceful-web-383316 200
[debug] [2024-09-21T08:34:45.657Z] <<< [apiv2][body] GET https://firebase.googleapis.com/v1beta1/projects/peaceful-web-383316 {"projectId":"peaceful-web-383316","projectNumber":"183189153208","displayName":"FaggroTradeDev","name":"projects/peaceful-web-383316","resources":{"hostingSite":"peaceful-web-383316","storageBucket":"peaceful-web-383316.appspot.com","locationId":"asia-south1"},"state":"ACTIVE","etag":"1_46b1bacb-a80c-478d-b811-964514bb932a"}
[info] 
[info] === Deploying to 'peaceful-web-383316'...
[info] 
[info] i  deploying functions, hosting 
[debug] [2024-09-21T08:34:45.675Z] >>> [apiv2][query] GET https://firebase.googleapis.com/v1beta1/projects/peaceful-web-383316 [none]
[debug] [2024-09-21T08:34:46.273Z] <<< [apiv2][status] GET https://firebase.googleapis.com/v1beta1/projects/peaceful-web-383316 200
[debug] [2024-09-21T08:34:46.274Z] <<< [apiv2][body] GET https://firebase.googleapis.com/v1beta1/projects/peaceful-web-383316 {"projectId":"peaceful-web-383316","projectNumber":"183189153208","displayName":"FaggroTradeDev","name":"projects/peaceful-web-383316","resources":{"hostingSite":"peaceful-web-383316","storageBucket":"peaceful-web-383316.appspot.com","locationId":"asia-south1"},"state":"ACTIVE","etag":"1_46b1bacb-a80c-478d-b811-964514bb932a"}
[info] i  functions: preparing codebase default for deployment 
[info] i  functions: ensuring required API cloudfunctions.googleapis.com is enabled... 
[info] i  functions: ensuring required API cloudbuild.googleapis.com is enabled... 
[info] i  artifactregistry: ensuring required API artifactregistry.googleapis.com is enabled... 
[debug] [2024-09-21T08:34:46.283Z] >>> [apiv2][query] GET https://serviceusage.googleapis.com/v1/projects/peaceful-web-383316/services/cloudfunctions.googleapis.com [none]
[debug] [2024-09-21T08:34:46.283Z] >>> [apiv2][(partial)header] GET https://serviceusage.googleapis.com/v1/projects/peaceful-web-383316/services/cloudfunctions.googleapis.com x-goog-quota-user=projects/peaceful-web-383316
[debug] [2024-09-21T08:34:46.287Z] >>> [apiv2][query] GET https://serviceusage.googleapis.com/v1/projects/peaceful-web-383316/services/runtimeconfig.googleapis.com [none]
[debug] [2024-09-21T08:34:46.287Z] >>> [apiv2][(partial)header] GET https://serviceusage.googleapis.com/v1/projects/peaceful-web-383316/services/runtimeconfig.googleapis.com x-goog-quota-user=projects/peaceful-web-383316
[debug] [2024-09-21T08:34:46.293Z] >>> [apiv2][query] GET https://serviceusage.googleapis.com/v1/projects/peaceful-web-383316/services/cloudbuild.googleapis.com [none]
[debug] [2024-09-21T08:34:46.294Z] >>> [apiv2][(partial)header] GET https://serviceusage.googleapis.com/v1/projects/peaceful-web-383316/services/cloudbuild.googleapis.com x-goog-quota-user=projects/peaceful-web-383316
[debug] [2024-09-21T08:34:46.298Z] >>> [apiv2][query] GET https://serviceusage.googleapis.com/v1/projects/peaceful-web-383316/services/artifactregistry.googleapis.com [none]
[debug] [2024-09-21T08:34:46.299Z] >>> [apiv2][(partial)header] GET https://serviceusage.googleapis.com/v1/projects/peaceful-web-383316/services/artifactregistry.googleapis.com x-goog-quota-user=projects/peaceful-web-383316
[debug] [2024-09-21T08:34:48.426Z] <<< [apiv2][status] GET https://serviceusage.googleapis.com/v1/projects/peaceful-web-383316/services/runtimeconfig.googleapis.com 200
[debug] [2024-09-21T08:34:48.427Z] <<< [apiv2][body] GET https://serviceusage.googleapis.com/v1/projects/peaceful-web-383316/services/runtimeconfig.googleapis.com [omitted]
[debug] [2024-09-21T08:34:48.430Z] <<< [apiv2][status] GET https://serviceusage.googleapis.com/v1/projects/peaceful-web-383316/services/cloudbuild.googleapis.com 200
[debug] [2024-09-21T08:34:48.431Z] <<< [apiv2][body] GET https://serviceusage.googleapis.com/v1/projects/peaceful-web-383316/services/cloudbuild.googleapis.com [omitted]
[info] +  functions: required API cloudbuild.googleapis.com is enabled 
[debug] [2024-09-21T08:34:48.436Z] <<< [apiv2][status] GET https://serviceusage.googleapis.com/v1/projects/peaceful-web-383316/services/artifactregistry.googleapis.com 200
[debug] [2024-09-21T08:34:48.436Z] <<< [apiv2][body] GET https://serviceusage.googleapis.com/v1/projects/peaceful-web-383316/services/artifactregistry.googleapis.com [omitted]
[info] +  artifactregistry: required API artifactregistry.googleapis.com is enabled 
[debug] [2024-09-21T08:34:48.440Z] <<< [apiv2][status] GET https://serviceusage.googleapis.com/v1/projects/peaceful-web-383316/services/cloudfunctions.googleapis.com 200
[debug] [2024-09-21T08:34:48.440Z] <<< [apiv2][body] GET https://serviceusage.googleapis.com/v1/projects/peaceful-web-383316/services/cloudfunctions.googleapis.com [omitted]
[info] +  functions: required API cloudfunctions.googleapis.com is enabled 
[debug] [2024-09-21T08:34:48.442Z] >>> [apiv2][query] GET https://firebase.googleapis.com/v1beta1/projects/peaceful-web-383316/adminSdkConfig [none]
[debug] [2024-09-21T08:34:49.431Z] <<< [apiv2][status] GET https://firebase.googleapis.com/v1beta1/projects/peaceful-web-383316/adminSdkConfig 200
[debug] [2024-09-21T08:34:49.432Z] <<< [apiv2][body] GET https://firebase.googleapis.com/v1beta1/projects/peaceful-web-383316/adminSdkConfig {"projectId":"peaceful-web-383316","storageBucket":"peaceful-web-383316.appspot.com","locationId":"asia-south1"}
[debug] [2024-09-21T08:34:49.433Z] >>> [apiv2][query] GET https://runtimeconfig.googleapis.com/v1beta1/projects/peaceful-web-383316/configs [none]
[debug] [2024-09-21T08:34:49.944Z] <<< [apiv2][status] GET https://runtimeconfig.googleapis.com/v1beta1/projects/peaceful-web-383316/configs 200
[debug] [2024-09-21T08:34:49.945Z] <<< [apiv2][body] GET https://runtimeconfig.googleapis.com/v1beta1/projects/peaceful-web-383316/configs {}
[debug] [2024-09-21T08:34:49.948Z] Validating nodejs source
[warn] !  functions: package.json indicates an outdated version of firebase-functions. Please upgrade using npm install --save firebase-functions@latest in your functions directory. 
[warn] !  functions: Please note that there will be breaking changes when you upgrade. 
[debug] [2024-09-21T08:34:56.025Z] > [functions] package.json contents: {
  "name": "functions",
  "description": "Cloud Functions for Firebase",
  "scripts": {
    "serve": "firebase emulators:start --only functions",
    "shell": "firebase functions:shell",
    "start": "npm run shell",
    "deploy": "firebase deploy --only functions",
    "logs": "firebase functions:log"
  },
  "engines": {
    "node": "18"
  },
  "main": "index.js",
  "dependencies": {
    "firebase-admin": "^12.1.0",
    "firebase-functions": "^5.0.0",
    "firebase-tools": "^13.18.0"
  },
  "devDependencies": {
    "firebase-functions-test": "^3.1.0"
  },
  "private": true
}
[debug] [2024-09-21T08:34:56.026Z] Building nodejs source
[info] i  functions: Loading and analyzing source code for codebase default to determine what to deploy 
[debug] [2024-09-21T08:34:56.046Z] Could not find functions.yaml. Must use http discovery
[debug] [2024-09-21T08:34:56.111Z] Found firebase-functions binary at 'C:\Users\Roshan\Downloads\ccavenue-payment-gateway-master\functions\functions\node_modules\.bin\firebase-functions'
[info] Serving at port 8306

[error] node:events:496
      throw er; // Unhandled 'error' event
      ^

Error: listen EADDRINUSE: address already in use :::8080
    at Server.setupListenHandle [as _listen2] (node:net:1897:16)
    at listenInCluster (node:net:1945:12)
    at Server.listen (node:net:2037:7)
    at Function.listen (C:\Users\Roshan\Downloads\ccavenue-payment-gateway-master\functions\functions\node_modules\express\lib\application.js:635:24)
    at Object.<anonymous> (C:\Users\Roshan\Downloads\ccavenue-payment-gateway-master\functions\functions\index.js:83:5)
    at Module._compile (node:internal/modules/cjs/loader:1369:14)
    at Module._extensions..js (node:internal/modules/cjs/loader:1427:10)
    at Module.load (node:internal/modules/cjs/loader:1206:32)
    at Module._load (node:internal/modules/cjs/loader:1022:12)
    at Module.require (node:internal/modules/cjs/loader:1231:19)
Emitted 'error' event on Server instance at:
    at emitErrorNT (node:net:1924:8)
    at process.processTicksAndRejections (node:internal/process/task_queues:82:21) {
  code: 'EADDRINUSE',
  errno: -4091,
  syscall: 'listen',
  address: '::',
  port: 8080
}

Node.js v20.12.2

[debug] [2024-09-21T08:34:58.171Z] Failed to call quitquitquit. This often means the server failed to start request to http://localhost:8306/__/quitquitquit failed, reason:  {"message":"request to http://localhost:8306/__/quitquitquit failed, reason: ","type":"system","errno":"ECONNREFUSED","code":"ECONNREFUSED"}
[debug] [2024-09-21T08:34:58.194Z] FetchError: request to http://127.0.0.1:8306/__/functions.yaml failed, reason: read ECONNRESET
    at ClientRequest.<anonymous> (C:\Users\Roshan\AppData\Roaming\npm\node_modules\firebase-tools\node_modules\node-fetch\lib\index.js:1501:11)
    at ClientRequest.emit (node:events:518:28)
    at ClientRequest.emit (node:domain:488:12)
    at Socket.socketErrorListener (node:_http_client:500:9)
    at Socket.emit (node:events:518:28)
    at Socket.emit (node:domain:488:12)
    at emitErrorNT (node:internal/streams/destroy:169:8)
    at emitErrorCloseNT (node:internal/streams/destroy:128:3)
    at process.processTicksAndRejections (node:internal/process/task_queues:82:21)
[error] 
[error] Error: An unexpected error has occurred.
